TN:
SF:src/index.js
FN:7,(anonymous_0)
FN:9,(anonymous_1)
FN:18,(anonymous_2)
FNF:3
FNH:3
FNDA:2,(anonymous_0)
FNDA:1,(anonymous_1)
FNDA:5,(anonymous_2)
DA:7,2
DA:9,1
DA:10,1
DA:11,1
DA:16,1
DA:18,1
DA:19,5
DA:20,2
DA:21,1
DA:23,1
DA:24,1
DA:26,3
DA:27,2
DA:29,1
DA:33,1
LF:15
LH:15
BRDA:19,0,0,2
BRDA:19,0,1,3
BRDA:19,1,0,5
BRDA:19,1,1,4
BRDA:20,2,0,1
BRDA:20,2,1,1
BRDA:26,3,0,2
BRDA:26,3,1,1
BRDA:26,4,0,3
BRDA:26,4,1,2
BRF:10
BRH:10
end_of_record
TN:
SF:src/parsing_data.js
FN:1,(anonymous_0)
FNF:1
FNH:1
FNDA:2,(anonymous_0)
DA:1,2
LF:1
LH:1
BRF:0
BRH:0
end_of_record
